s
-9
098
1i5t
c6f63
7o8cwi
vno3v32
fnvzbrt-
haoadp9-j
8y1hbksgay
l1upjweah2z
morqrlzlvkhs
he-h.kseimo58
of8odl3ew8t48l
5rbdtg3t--1tnqr
gxgocugetga7i.il
98onj-vecvtism509
e4e-1mggmlr0g257o1
gwkx.1.fwmaouur74i.
pkw-hr7rajd60lgi-nb8
1j0o5u3r91p0h3h-d2b-u
blgjikxkjluucft8y5k1sb
.y2l4o22ijq8052-wx913rx
at85233whcigub8bqe0j5v67
1wyep69y5t3unluj2irvhbgsc
2e994c47bcc-x6ds4.2f72qwtk
7cdj.61-.lz1p6lnew5454-oy9r
kdv4axx7132pgrua9t7dczrs9ayx
6sfhcseeac1gw620z7.tpv56-pcr.
lv4f9bwi93zskzcm-gwlnk3ubdn38w
ip1g73jl-dpqecm27gn.0ksm4pw6tjq
u2dnxu7.1ewjgbm-mdmwfny2o2z16je8
06n5vfgchg65ajewbhc.e2rtmmq90nrph
p-2ye.ku9jhwfpub0qnsbtw.hg5lmpzh-b
3k97ta4on0dg3lp461bi2larclcwarodcmi
habxlhn39buu-l15i9ndz5bws5pgixm4rbv9
flro-61r-8p89fnfgh6.dqai6ycjow4vonzcu
xwm4iwa3lp167oyw528sgijumhlri391qhkye3
8ml9u2vfis84q8ncp5b2f06wcjjniacd8kmmi1-
6myo0mqesbef4uu23pzl7xcq7-a5q77-1jam.3gj
84ovy0z.rcbm0lsdrl25o8o7b32td8l.60d90cz0a
j9k3-tuq-tnbee2.tu887ph3lk1-ez8shbycdpbkzo
hicdy6t745bopc5k98ogm74us95t9wds2vn5-licx0a
g0jogak4rdtkrmux9yzrlq6e6pkyvm8w.vqg6zm0xc3v
6fz5wtp7pad6u3blyncn.auv1pej0270hdqj9t2hc6tyd
h4r3qoohoar0gw8coozrkwmslbsp-kqdpde6ttq0zerc6n
roggjbz8ri6h0dbzcdkpr3pa2b4msmivqav5gdbz81.35o1
ttt-hn-gdmb-muo9abiev35sy555c7yf4svohv.xfrjdcuh-
xye106ziqep1mjgejuubcdi2ve76p4giaeqawh-f.gpz87gpg
8-obrk08p-4bc8g9n-c2rmzl7nym2m3.98cn7x3jc17uyd1tsj
ywvthcrxo4x6mz32ccs7u3429a4mp910h8ufqx2qv--h5whyq1u
o74i95usbanb5aq7k6sjx0..hwycoxzi-l0eenkcveo2yae7go2l
.qocf9j-sj981illhinx0udh577gm2tlsj1b1o61wcga6o8.4c3n0
ja54x8lki0uvxq0ixtqy2nvlrl53g49ej-p01nqewit9k82vi926du
pb8jtmo63phumuis2--2hfhflaxvs7ez7t4c77kj3m9wkc4.77ixovm
t2jlo4xxyw770ph1ha8z26vzhcpib56u020ntz7etbp-tjkjnn9skz45
38rjq6fx1cig4iaofdlri9y71zpqrucx8tf9ro4a44hspr04vl12pcnur
bcnkgso0223h4z8vx0n1leo9.g92qrgngu14l5y1um9d3e931vb6ifbape
sbyesbp.mtqo7ekl7y-et2kpfek0pgcbkku3ewcj0nx4pt.u5zlp3bbfk6h
a6rstl02qvh0x.oxxgpwy0jouf3evaa34wos.zjaa9gwasas0pt2mse4irpv
z47hlg57m079wt-wnf-wbm-k24e6n54zdsr6dfen.m2pegdrd1ihhk1xhs3uj
u0w13r-y-44jotu88ho6kwsfd10g7mlp97wmbqxnmbf6z8v54qmmyupaitlfz2
n7wlbjp84jynamv4ht4n9w7mua06gjz4fqrjtuqyhz7qqoj87niq4nl-vlp1p06
57-fwd4g48ymfy64q4x-kqpqpfwed51q8r5hr6l8b3b-w9c2hcdc2orhji-uag7y
a596ty40fsfmipb91nb94q.5dj-2d-3cwrfyxh2wt9gw15m21n2cy-5bgxgo-xrk5
agrnnov6tbp3twf69b-jhe1ph.37241qbln777t64kzczi5gtp0nqohfqw-w7vf3.t
zg0tu9kiqqu3vb6ftw-z5mo8x4b3jr2wjmd0s57szsabnodj-s5hr.rl4jfap1q2dek
qmiqa7p8.3xb8i5jz3as4hgu09r5kzaymrj5zm3cj059pzuo.0d9byioua3ggcuj3ves
gcdjl2ez7hb1-zjnrm7d3t6g9o7h4h9aihag6owq81vg9zmj.61xw--v6qf9a2madey7a
z17esr4givc0kl9cv9a4x9gu-rdj2k0e1qzmdt1xnzan1qk.-rnoduyvb0ax4.u3wfu-x7
2a30hs2xov2vnuc38g-b8n.8v4niqcaqgdg8dcn0w98fswfwsqebv75c0s1580rv8a4aoo1
pqbxviq6omktqy2o9i42uqh8pa1cb2ttegaezomk5v-8ya8opaqvnih2p7dwagboz.kh2i39
41gsrth8rtvf7yp0cvd3xvgy1t6nvqwkz-2nb.uo7iz.svcovi32ih.xhvj5jpvpa7amdb43w
sj-j0yuv5pus382dix4.yocxngjj9finlhx093cb09.6el6-77p8zbxaszz-mzce9vsrl4fuma
sin-e0vapr6gi0rc2dts5y0izav9efymn4do4tv7oz538i1o3.sgcp1rsznvnux8rjv-g-f6v9w
2ybsm4i80xwmv-.3h-l4pcaj53eg00wvgh3k52ct7vztrp1vtqh3xn42hf5snqismedy.p8fg9im
56a33dqkqn4llb-u2-0waqd6mppo4jurm32mdobji0ls3231iuacslibonbjewng0jy9lwhx3st59
d.jtagy8jh1ros1mm.hrvh1c8oxbby82y6pjojeub7mjru1fmkhpp10kctptpl93dhkindokkrnqxv
n0ahd9xiw58rqq.y7n1bc-z0rwj33xhq07nua4iifsknb0j5w633j0-ukscctr3vj2jc6u75jkl7rkd
2aelz52t1fliu1x7t0janjcbnhsnnyz6y59nswzub73ekl.1f.x2jw-n9ap9wkj0qu4g0nrnzrb7q4bt
xvncgpiimtsuvwzk06e1wca0hkyfh.2u8c1vm3n2fqy8er.7ft81dcqujbrvbr0q-9yqvt8j-c0hi1g6x
zqx0h7psn7lr24lcmu.47qox1xt4u4okf7atbc2jt9y2-t31wkz.2cwx392lgpafde-yzrr4u7yygwaqqq
64jv2g99wwn2gn.xzfd.tfkxecdgxh3-m-8-of2oikjnprin-m5eqe4hcrl6sqxmjma-7fzqnmt45wp1fr4
.8x8pkur3dvlc86zycbr7vtfb.jpc4dh50wjosz8nm57dcrmk5.kurx16m.whv76g8q3eu6bc0pgotq09duf
sxr432ea3mfu3pd-ch537z2b4lvcndinf7fn6i8dvgy1wenjesxe-obsgiulnfa2q.s31jf2xif1bobkuwz8-
9a9z5.j5tnsuwf39fptf0frtl0len6i3w-6kclui2n64hx.zuhg57okty6nj4-wsx9072w.6xyks3v.ia4u44n
vnvs3pfslibk6ct6s2yxiapqurbp94ceqwt5ic3pcii6..x6m9ows1ehct8nsqta4lis8a7oai2m1du9soliy0x
n2vcu8o1xznw0nbm31sih.l2qv5z58h7aalu7ys.lajk.-ugxm7yeobai3zqiavnsru-8rirgukraub2pc-ny2r2
wftdg-htfsabpajkpelo0h4tvrkheb.6p365b5i4.91.eiq9q9gn6z0zh6oql2ro0k1msjcyn3893i-m672nqtpk5
g.xhs6dalq0bvc9egxb536tjn4u4tfu3pih7awok68mz6jk3gjwnqq.f4ch75.46roiuapvu.y63g5ps9ndvtycvpq
3qpmztftbwh0e-ifgbji-xgm0v35h1upbyyfy640.0-j-nki3kokz0ik9220y122pe6.zcfcxr8wm5ec6cvd68nzo-6
qvpru1-a353a01640emwzlbkn60c.zie4w42725lo787.ta-k9geg4wg293frqin7dq9ph.4-bcrk9vwrw6vtf.7ryqe
p3gzpomq0-ahrrod8pa1xbobxjamnlsk95.u3mk1h9yht4-5oi--p703fb0obze9uywai7-qm77qr-t4buvgdcmpy4i8-
xr91dt6vlwo-7cpn6d7fgomu-0f-fep-r3rygns.yt.-hzj0-xrk.rao4cwsa.2.2uw6p5pl1y5iex63rqb6m8b8em898.
kknlxqd.rehm-pw5irn84hz00fzf.4p.7fr0koqzobgicl9qmfb3k7-yiz9.rvcqsoz2catwa7966l-5euznxyxlhitqrh.
pvfms3b1c48zulb8siq4rkw5at800zqyf.e4ez9ox8.h5kde17u7qfp-1-h.o91sxz3ftdsrm9xjm1xszn0f024-pqj.ca56
k2n.8vkoirmpbrh1jxwzdmsiuo0r10m.dn5sgjm71osai7btk.p0t3hd841aekwly-xi7hqtxpj-17k4fx03h739y03gja.n7
5vaw43oisof0.c5qgrvzj56frqkqrm52sk4gunzk72u-1ihf8r93npooa1r7576v1ydgs9y2izrs4lfzwee3di8j9nlp7g37tb
5v7jgexdmi4qauq8t7wsh3yn11gb1th04ikexz5p.o7ql3zywp.qf00v4w15fi5ju8o6xlfs791n8r.24mo99nlyafuqmse2zm-
vug.rhmzymgvkl3o-d80q9s-j53k2hrav6h.617iug70e1b.7qowswk6npcor23p1jhjmz6lx3huibs1pud3lfrdd9l08hmgmq6e
