1.85(38044179662565880576086615299292274314336241205749704387620206980986630
2979144939011416393145280840480932565496890401928194968136647912575472718203
7929073957159749278845315372192554404886062791906324884109482966099625732054
8461246001820762976424258701816926119577387658575549455340730328260543508212
6176781435193743830508592815311151650022846738497277575664561046136459557784
8081397173980529695527968942387850418391798892892397093755341079133428440875
7800155567104882225935059453840868106301862968401739840177472069426180618292
0406148737499694795478089803378526856253902257815851799660263766467963989354
4662757723418430167461361107526169107721500001744025839486837836989392834844
2410522754305127784773259200608316212813009037541900220793671279033670162857
1328912809172180695029177552294614797012832542126944152804567952478783925662
6426177130240361641198075990693878120498233301824599833271129745058302783814
0449888905554024688429783775676420421844970055076336010994338892125025724381
1324308580955935443139525555210626000634825405573208972664138991883303743028
2567066513657466349021427101463935289665251680368896345568255939279996372426
2538673772990620629035239786112671045334207671620862734702277348941201912847
5407491637396099660612571635861356921864154339310691227201222213308312375956
1621664986588441294346217033551569100047786308001939356733509363674732204832
3467960501302787302096667864231076447628648066049746593045522562462285441221
0971317751043799464932872445438151611654278269786845161897918679563156407725
3368585908968827282145012260501651592469994035431628955014597496276504832695
6012180276462976075453533919558552179509091606701244885644225704848043028605
5118192631142023000212771152417394216112705925850997408377602522558974233762
2474214577963187102580111826936827896042107759868570212736271900604479355966
1379943005235565570139487186642157290202411638930842399360988932412022616527
0864653130700784462822601179659077828897112939625313488644647759101198843362
0632523291465086346719312993341309344839253138374498156564687662412406302211
7735696372077448699479931494665024957009763056649447318211466621089458061410
6378600105339160705005005354159327224592159557436002971820030485571674229925
3905745867530773335937745253633677836570826633367399971397976232415859473373
9575085544467426829395904329718549110023614109866651784312836378983791023847
8093291430205829929576236601521488142368317328989546309118115894005085579347
9436191326610695064058069084351553752620398823828973850076562734353472181043
8343454496621821948913995109751546078906705081742491096748089419692842169149
5781201494281339272322658732511780894545733589588863348599372848308120533113
8186143365900109176017551876048595535991461249489872441950099932680602595808
0594922094365750122953821683822067507752194856518994185417851150882651477364
2886293003317137146703965565953825171873746481427868835304663873899955701743
6770343189404694219949562772722040649754266759216304548768194549570446435734
3918407495125447778634288245614647026610346258890171716784155874053429975618
5187639740070388882881688775100891894814313568869836375495739344874133655164
2349133044755191092911232572821798927772913883492097818921285137760601061065
3207437921400243466007192362562043719239744256050897650099583875434698440492
0943308696061640849270822796510553100354734855751622816043642502607318630032
8225662991422880921403731517686166038236022504909432738155448511125140830086
5385621553368934714136724649712410139068620440680449121534184650479781508442
8290889557819688656507134809709340653591123606087347790144858786227776750740
3389688621626618019972583913803266909202526744636248530658230232339122336436
5366437269134579497929841328529123487493590705039885870949063981331947414132
8877928655390958272437764437917912191787033516688583258049551262151500036624
5426292235945767772495317290620977840407683480238443212774640469073189788379
9046366670968597070734199997907168992615794595612728598186910737269483384665
8272088959270020544624389154949719735047594465159595804571440530462899338316
5964986937246462243584600949447667016634518457025459289204828858744371156603
0562308811167346255402120037810480200074644305930036659423146013331333517037
3884259469188295493786035933908396786806793329449969130742641082970285287746
8232569333747248799238209513312149232803033209740035508366091952018361104038
1174287478243277652401697983557324385318092872864004353088495359147241125524
5157712256664794745598950794054964718357267181270557704582951101003512468040
7264914036966371693763014792827170527358533344030025148852605400201609387044
6784539559738117079942656430397672771919788763590321354201183844739843665523
7483998562922708262845622320740304088345372925045257470534683441869874744064
2080553065474218066014866076255785805722497584524212310729595769690923740726
1425985287398018089036007157482045253982483004468194200765278538366824442870
9455759296529737384589090071958506137226929154182348365673385816884262957239
9744674617099126940664752888978803109946876972929230919485303094250644417547
6903865807675806524749470688157715744716473719274624772840634406839371732131
5832615376029411251757106033282989120766813281105572860167496241624315905864
4612878584409106605323464472449623813626422689078561387965524097205024189638
3936824407990428786192896233950602212122374805105112437345871716435350706156
0624082206401970051588284332020663218146240054692650326307234567987359300715
3993993575008807330489408531076796433815963417313990924089531310495896307199
6874705695639586596115008039959120034322428521100968631951250989734663908780
4724914804337741067971663068160017858824596345219450771382628805028375300408
4508516078174214229158019205212544429058260927193897304782467657040806716592
3130317098778135496855521411405231379908124718775833382747398785460405381366
1303205868298144705311953901909010683902292696368589397020506255820686239287
3212809520985862926545119692493363981680752582030255360263417662796091986898
8778937748741685356810246500612153069659880080783276885030328609348676109985
2455413979413518990697366172177206977498578618940818227162853644839601943542
3955241320855409793751504222286557397634403351320053157907587558817271436693
6060524672733551220294879888940434541478166540515464277118729791100584946266
5638854105262423568067584489331793939859012951135884029257777483231191553334
0541973469878929726222823717356196349405112786151039613802918104034629377068
8506520912613841286672503339809482617294457834687278726721615107449431970784
0791369164925547536912306892738922819880499349478361871409486802956472603098
0875012644187336279574318173098052620747628996871217643960612920441029254289
4315522178776600754116772994108680714213461786649831003896153725413595727834
3035930420345107833117655471183461054158978419424262189868605093253061637361
2191438228348791215690651672695182651826169456526667899111593237365404805837
6032899303436079708956967906436501763210123721193053196276156027527703850460
2484190405765051815007691153952136954861123222401663103040534648561353085007
3074682674498505369855559779973700090340538485418199956050548844931686507867
3005619251254826591510779823713868144670431437112172253944114435999483768351
5118960002511397208861046485264725682175707115276619938401007349324887597534
6450733014060336317942886641808485034514271363444520794020084201567530424530
7698478860662799580038577851569448852954205369506754612076332522942659918449
3517455954627423759910426832883956008692224784002399779555133888863697404540
7456756879309923855831848004660037043108830700435657654703812091679950330144
0914148584025420920636360148311957389960689657577966675154259085502610806681
7117962419731210737618288552563194776293805569023310649370581074529200224630
5281259047134042337971279382475330754500458678795785038351128210315564035396
7484382248607395367169759987163969821376873519758068735546385855252831425950
4068812283522792673696253483691614374958579386312187601371501920172449275008
4585253215111635093985552489945691035358379869756150307122950333632143093832
0782160708493057033133002898570945227124485076370891511128628881765512237829
3156791411021545695221020394638166959081665753959810668554865308884416431513
8493091913649792635327685014981181961191937019738884451312030639045948104767
1202296533225436268063747632484922896617636286899226698942771536103078903217
0300635174210741106340231536870450272591238711792753921442100086154876470649
7891472760060413055079824062673312567799004510050820912962646454569870907207
3611842633060451423648292773105726334441371083353970972433927581071041148545
6568524519259277345453150233873865075184953940277579152612725110135231763593
8094058801575204138224511934368819608431318518415168839141520720770998943120
3412709762707844279420843899223210891092562427404924431360375035316523249608
4661990352049055958813085774678837641658498812318403309463433010223479471071
8434004318207978569410484385736659074340845433965949639509858978070619094292
5010376953744946685130086887367323234261038811551031940089224361948146623740
3773374306313722344110250337468999940703121457447513542360643615295804222635
3625655317709187179317248764357692723575392493015176512855214462857481696448
8145856369007963221983096901563693567683898804644689615721346527470150997757
1827704199265416316408143903060067737963605668781588668017705350322470377721
1163160593387351627001705657271018127404575626192477667749125371041497350824
7498194933256131122838715978415936210510894929419274275967672737039271973853
5646144133271478550226200151381442867457524250679298064480123337507368509171
8318898612801847272169184458636939164890667020122570135999134963183614528432
8532611539172564380713864656618752463436498275158444747517379217490486339045
5992995992228620859246650598375265527934061871060681635059105035700208934295
5705231728713292616143400780625965754308615836452232876282294998482697519646
4510818192282336855102845203754538827247264495470764894852682137338546807909
5059872407069583142943845856020202795324615529503685126598835688349558587060
0258813434579846735009225896690885372157673888096326035166537027412598145054
1171217992765780817808596652167998521066088115161514232994876052083587670434
9251638512276197884147851534568336164468612766966755379447701897151308193782
1990770615257435654166652133118004276351358421726376297991231038079060179355
6173328264031559891591353817498160052739341386081976190559239325689849420809
0187064211543358226395482275465393295267062676800619477978185724799698632334
9366744217682329181389151461668056073918791180810134882958425912038312759641
8468536029829817958582874363866575047175898958118963490563076182536720464050
3953706578116661376454953556591894465508400972468808097860777905285444709148
8107487800539252789569330259197120264533839333363563114551105189174482809137
3001782394407955548269403159477210814355425489984059603827090302169916949489
5236367822025651132047172410906439989814889097396867031981945844509632254711
4858053736924166268447433317172027220755302710564959730443366248914343914919
4434464741029603094599449585445057953978646147621323157523901874130167112555
9396288015403236214347751776290317517344336973696602288859511742525977264879
1564495819570062750049704736425374878354197695793060869989849769614186603788
7217337012065170757569944156292619631452459599641428287401506140714980833156
0240396521714865727450617908354930186645645341881385314604821185030677414516
5734775526434199649102001095248227197734161629338700282183380828970362024883
7606777982022581646569675576313338658425563233144862274279455724416012947647
8323502841018092524058836455720927961268674156676305316139563923779094711067
2391722155755459672890513545848695294269479896614148235220253023268792750433
3904211124792024918641194587939014904444824254516154911351166578884032745829
1622048672273128398670354699975234833079286902714750621745211777057688886718
5456219719351361909778055271666905016864729867837721883687428712943810975503
4130585678757416469882417777901797393030175135074801268255590474828475058686
4694987320932146930688925087114090682367549957620172100469840561157754113284
9424297070385394830009801425217916028643880387731824634713787919481815042571
6707418737116009110790985479240860432588169226315257086848998754765550606397
7843895735159212118886753426138761671892930765662224051511547195083242353318
7067699595037200071156254251062983749167227661645034932837564921361874897538
4819301482770768731709529008381788184573742644571021964261422497235719044413
3620283718123567718779321434426372461134384167035818802691380675496088150042
0310227316327918714443673197462093598378753579613035546734660420728793517804
7597953211274778247114509248569026798701049554750203179010300216608009264265
2593540825900876547386926084696870868838792715552873631375722462704007422573
9728559818342268559050970899184842322623851994991157788993801732166463778327
33969786496356730021311995758529158368010)
