Test case 1: Pin Pon
Test case 2: Lobo
Test case 3: LuCoCdbIGb hNOYcBvPvlPCWaEV
Test case 4: zsKrzzWccgfpKBYOE XcLtoxuRSDT pfrJGGXWxFdJud
Test case 5: ogKKnbDPcZlEqIL ZQbA
Test case 6: nwtJxwFZI XbmtV pr
Test case 7: aY vonKQ KwgCcVGokgxHx
Test case 8: sJbshjwW
Test case 9: KmeKbK Jj ZYXqgAtL
Test case 10: jqQipT
Test case 11: RIxIvln AZWntDZSsIkMl PIOhJQhIYDxvXro
Test case 12: QuUHjwUmdg sGZzTpkv
Test case 13: HyvMc
Test case 14: OONtArAP
Test case 15: yKTLI PXmvUwCdqjLVMYMHaLo
Test case 16: Zz QmVJGmHETpjyrnz
Test case 17: jFzcldaIGYW Pt
Test case 18: QsApJnTYZIwLRXFYi
Test case 19: Juego invalidado
Test case 20: Juego invalidado
Test case 21: XKWdOtj trnzwkpVKoWi
Test case 22: JgPLEUUXvNiXzNS CjZktllN
Test case 23: zPMZUGJSdk XCRiBhfbyXvYILhVJHR mtILfAfHYurDHHiq
Test case 24: VknqFiaIFJCRwrrvno RMPgISoROImuwBPIll
Test case 25: JDMYnj
Test case 26: xU XzQCMdinAen KkF
Test case 27: aYMPjZLpssznXwbKT
Test case 28: RcCCkeviTmGeoPSDt JRhBjh oSzcPmpKtEPNQpjzjAV
Test case 29: LmCACXBYqqEqjIooH WpWPHnT MNtZaWtvmfUpC
Test case 30: GabkqEubuamhdyGzNHz SqcrkIWAhMNCwibDLI JmEfYOtORw
Test case 31: DCZIgWWqEsq FbfBPqgMDLjs wr
Test case 32: XXNqlHIIXgGKCIoQiteq
Test case 33: cXuZWamAPzluREwOUxnI nUGcpqo YjePwQwNGreEND
Test case 34: BWwpBDYAwXkO NtiyRr
Test case 35: CKGnLRv PGrReMVJ
Test case 36: nJQNSoZfXvHMdILa qSySSbIFIt HShJuFmLOVmLP
Test case 37: hbA TVdUhCviVhW
Test case 38: ivmSNXBASxVGRY
Test case 39: nPxgjYbk OAkIl lZHbIumf
Test case 40: JMOS ClNuqfDJzWCwFeiGPG QFa
Test case 41: oBZSSQMNqwDKuyBdo NeFl ZOXNzD
Test case 42: wGgRCS TznjzsIJsaiKcsUcJlRj fusIIXNyOZbgOt
Test case 43: xBoCchEeoVNfrNmQQ HREEUKXikaxGpDy MbyUBvlfdfXDR
Test case 44: scsVJrBEyCQMITMxoo BAeiNgOdH NHGpeYHwrtsuPSCFP
Test case 45: OmROpqkvequgQ zGmDZTDvhrAOyBcFDtx
Test case 46: Vrl
Test case 47: xvMYJjRGj zObLyWwjkSOOmXund JqrSQgzFPf
Test case 48: FmpBICcyMuMzm kZdRnqGy rPEumQyB
Test case 49: hfHok
Test case 50: Juego invalidado
Test case 51: KzuuDlPkHvi wKIRrSIysIUXbd
Test case 52: CiJXFOXMnPJAVYgeik Pc
Test case 53: xvKRWKnHQ
Test case 54: miP
Test case 55: bpYDPFJDYRfkZhnayX mYsBZjfCtqDdVtORSfM OqJFyLHMyaN
Test case 56: cR xrfUqUNacjXPuSBajip ZnGmcv
Test case 57: BmMvTbybxMM RivLxVJjRiOYbCJhhfM
Test case 58: hcu xIqGNNodqcafssuW wtoOLkdcVTvPp
Test case 59: nQDqiKSfvOxVx
Test case 60: Juego invalidado
Test case 61: hGmdSw bnF
Test case 62: frmKScc mUidu
Test case 63: PpFWXItdJW vxu FvilqHITEoS
Test case 64: hLuvlOPTSG GVWvhvf
Test case 65: QnfMxkwmZYoISByHm
Test case 66: POvcUsyteo
Test case 67: sOIEqXfcRSgg CzvesuSBKFSt DHs
Test case 68: nLoRuXXRBff oAvSLyGfbjlaVVwZY
Test case 69: OPr zpmZMQWAfDQPjxi AiVnweYEDnUKSEnE
Test case 70: Knjxd
Test case 71: txDVtCpwplOz OvegkVTImoXfCoub yPNWiq
Test case 72: snbqVnyLKoJ
Test case 73: EoXfoSv
Test case 74: iWnQhkwnsPlQJ
Test case 75: HFVmMBo
Test case 76: yiThNFEmXqbTIS CEIVaZIuGsZV eWwLNP
Test case 77: sOjqzwdLNZu
