0 0 0 0 
0 0 0 0 
0 0 0 0 
0 0 0 0 
lvl=1 root=-1
lvl=2 root=0
lvl=3 root=6
lvl=4 root=8
lvl=5 root=11
wiwi win!
1 1 2 0 
1 2 2 4 
3 3 4 4 
3 0 0 0 
lvl=5 root=14
wiwi win!
1 1 2 0 
1 2 2 0 
3 3 4 0 
3 4 4 0 
lvl=5 root=15
wiwi win!
1 1 2 0 
1 2 2 0 
3 3 0 4 
3 0 4 4 
lvl=4 root=9
lvl=5 root=15
wiwi win!
1 1 2 0 
1 2 2 0 
0 3 3 4 
0 3 4 4 
lvl=4 root=10
lvl=5 root=13
wiwi win!
1 1 2 0 
1 2 2 0 
0 4 3 3 
4 4 3 0 
lvl=3 root=7
lvl=4 root=8
lvl=5 root=14
wiwi win!
1 1 0 2 
1 0 2 2 
3 3 4 0 
3 4 4 0 
lvl=5 root=15
wiwi win!
1 1 0 2 
1 0 2 2 
3 3 0 4 
3 0 4 4 
lvl=4 root=9
lvl=5 root=15
wiwi win!
1 1 0 2 
1 0 2 2 
0 3 3 4 
0 3 4 4 
lvl=4 root=10
lvl=5 root=9
wiwi win!
1 1 0 2 
1 4 2 2 
4 4 3 3 
0 0 3 0 
lvl=5 root=13
wiwi win!
1 1 0 2 
1 0 2 2 
0 4 3 3 
4 4 3 0 
lvl=3 root=9
lvl=4 root=2
lvl=5 root=11
wiwi win!
1 1 3 3 
1 2 3 4 
2 2 4 4 
0 0 0 0 
lvl=5 root=14
wiwi win!
1 1 3 3 
1 2 3 0 
2 2 4 0 
0 4 4 0 
lvl=5 root=15
wiwi win!
1 1 3 3 
1 2 3 0 
2 2 0 4 
0 0 4 4 
lvl=4 root=6
lvl=5 root=15
wiwi win!
1 1 0 0 
1 2 3 3 
2 2 3 4 
0 0 4 4 
lvl=4 root=10
lvl=5 root=7
wiwi win!
1 1 0 4 
1 2 4 4 
2 2 3 3 
0 0 3 0 
lvl=3 root=10
wiwi win!
1 1 0 0 
1 0 2 0 
0 2 2 0 
0 0 0 0 
lvl=3 root=11
lvl=4 root=2
lvl=5 root=9
wiwi win!
1 1 3 3 
1 4 3 2 
4 4 2 2 
0 0 0 0 
lvl=5 root=13
wiwi win!
1 1 3 3 
1 0 3 2 
0 4 2 2 
4 4 0 0 
lvl=4 root=5
kiki win!
1 1 0 0 
1 3 3 2 
0 3 2 2 
0 0 0 0 
lvl=4 root=8
lvl=5 root=6
wiwi win!
1 1 4 0 
1 4 4 2 
3 3 2 2 
3 0 0 0 
lvl=3 root=13
lvl=4 root=2
lvl=5 root=11
wiwi win!
1 1 3 3 
1 0 3 4 
0 2 4 4 
2 2 0 0 
lvl=5 root=15
wiwi win!
1 1 3 3 
1 0 3 0 
0 2 0 4 
2 2 4 4 
lvl=4 root=6
lvl=5 root=15
wiwi win!
1 1 0 0 
1 0 3 3 
0 2 3 4 
2 2 4 4 
lvl=4 root=10
lvl=5 root=6
wiwi win!
1 1 4 0 
1 4 4 0 
0 2 3 3 
2 2 3 0 
lvl=5 root=7
wiwi win!
1 1 0 4 
1 0 4 4 
0 2 3 3 
2 2 3 0 
lvl=3 root=14
lvl=4 root=2
lvl=5 root=9
wiwi win!
1 1 3 3 
1 4 3 0 
4 4 2 0 
0 2 2 0 
lvl=4 root=5
kiki win!
1 1 0 0 
1 3 3 0 
0 3 2 0 
0 2 2 0 
lvl=4 root=8
lvl=5 root=6
wiwi win!
1 1 4 0 
1 4 4 0 
3 3 2 0 
3 2 2 0 
lvl=5 root=7
wiwi win!
1 1 0 4 
1 0 4 4 
3 3 2 0 
3 2 2 0 
lvl=3 root=15
lvl=4 root=2
lvl=5 root=9
wiwi win!
1 1 3 3 
1 4 3 0 
4 4 0 2 
0 0 2 2 
lvl=5 root=13
wiwi win!
1 1 3 3 
1 0 3 0 
0 4 0 2 
4 4 2 2 
lvl=4 root=5
kiki win!
1 1 0 0 
1 3 3 0 
0 3 0 2 
0 0 2 2 
lvl=4 root=6
lvl=5 root=9
wiwi win!
1 1 0 0 
1 4 3 3 
4 4 3 2 
0 0 2 2 
lvl=5 root=13
wiwi win!
1 1 0 0 
1 0 3 3 
0 4 3 2 
4 4 2 2 
lvl=4 root=8
lvl=5 root=6
wiwi win!
1 1 4 0 
1 4 4 0 
3 3 0 2 
3 0 2 2 
lvl=5 root=7
wiwi win!
1 1 0 4 
1 0 4 4 
3 3 0 2 
3 0 2 2 
lvl=4 root=9
lvl=5 root=6
wiwi win!
1 1 4 0 
1 4 4 0 
0 3 3 2 
0 3 2 2 
lvl=5 root=7
wiwi win!
1 1 0 4 
1 0 4 4 
0 3 3 2 
0 3 2 2 
lvl=2 root=1
lvl=3 root=7
lvl=4 root=8
lvl=5 root=14
wiwi win!
0 1 1 2 
0 1 2 2 
3 3 4 0 
3 4 4 0 
lvl=5 root=15
wiwi win!
0 1 1 2 
0 1 2 2 
3 3 0 4 
3 0 4 4 
lvl=4 root=9
lvl=5 root=15
wiwi win!
0 1 1 2 
0 1 2 2 
0 3 3 4 
0 3 4 4 
lvl=4 root=10
lvl=5 root=13
wiwi win!
0 1 1 2 
0 1 2 2 
0 4 3 3 
4 4 3 0 
lvl=3 root=10
wiwi win!
0 1 1 0 
0 1 2 0 
0 2 2 0 
0 0 0 0 
lvl=3 root=11
lvl=4 root=8
kiki win!
0 1 1 0 
0 1 0 2 
3 3 2 2 
3 0 0 0 
lvl=3 root=13
lvl=4 root=6
lvl=5 root=15
wiwi win!
0 1 1 0 
0 1 3 3 
0 2 3 4 
2 2 4 4 
lvl=4 root=10
lvl=5 root=7
wiwi win!
0 1 1 4 
0 1 4 4 
0 2 3 3 
2 2 3 0 
lvl=3 root=14
lvl=4 root=8
lvl=5 root=7
wiwi win!
0 1 1 4 
0 1 4 4 
3 3 2 0 
3 2 2 0 
lvl=3 root=15
lvl=4 root=6
lvl=5 root=13
wiwi win!
0 1 1 0 
0 1 3 3 
0 4 3 2 
4 4 2 2 
lvl=4 root=8
lvl=5 root=7
wiwi win!
0 1 1 4 
0 1 4 4 
3 3 0 2 
3 0 2 2 
lvl=4 root=9
lvl=5 root=7
wiwi win!
0 1 1 4 
0 1 4 4 
0 3 3 2 
0 3 2 2 
lvl=2 root=2
lvl=3 root=5
lvl=4 root=8
lvl=5 root=11
wiwi win!
0 2 1 1 
2 2 1 4 
3 3 4 4 
3 0 0 0 
lvl=5 root=14
wiwi win!
0 2 1 1 
2 2 1 0 
3 3 4 0 
3 4 4 0 
lvl=5 root=15
wiwi win!
0 2 1 1 
2 2 1 0 
3 3 0 4 
3 0 4 4 
lvl=4 root=9
lvl=5 root=15
wiwi win!
0 2 1 1 
2 2 1 0 
0 3 3 4 
0 3 4 4 
lvl=4 root=10
lvl=5 root=13
wiwi win!
0 2 1 1 
2 2 1 0 
0 4 3 3 
4 4 3 0 
lvl=3 root=9
lvl=4 root=0
lvl=5 root=11
wiwi win!
3 3 1 1 
3 2 1 4 
2 2 4 4 
0 0 0 0 
lvl=5 root=14
wiwi win!
3 3 1 1 
3 2 1 0 
2 2 4 0 
0 4 4 0 
lvl=5 root=15
wiwi win!
3 3 1 1 
3 2 1 0 
2 2 0 4 
0 0 4 4 
lvl=4 root=10
kiki win!
0 0 1 1 
0 2 1 0 
2 2 3 3 
0 0 3 0 
lvl=3 root=11
lvl=4 root=0
lvl=5 root=9
wiwi win!
3 3 1 1 
3 4 1 2 
4 4 2 2 
0 0 0 0 
lvl=5 root=13
wiwi win!
3 3 1 1 
3 0 1 2 
0 4 2 2 
4 4 0 0 
lvl=4 root=4
lvl=5 root=13
wiwi win!
0 0 1 1 
3 3 1 2 
3 4 2 2 
4 4 0 0 
lvl=4 root=8
lvl=5 root=5
wiwi win!
0 4 1 1 
4 4 1 2 
3 3 2 2 
3 0 0 0 
lvl=3 root=13
lvl=4 root=0
lvl=5 root=11
wiwi win!
3 3 1 1 
3 0 1 4 
0 2 4 4 
2 2 0 0 
lvl=5 root=15
wiwi win!
3 3 1 1 
3 0 1 0 
0 2 0 4 
2 2 4 4 
lvl=4 root=4
lvl=5 root=11
wiwi win!
0 0 1 1 
3 3 1 4 
3 2 4 4 
2 2 0 0 
lvl=5 root=15
wiwi win!
0 0 1 1 
3 3 1 0 
3 2 0 4 
2 2 4 4 
lvl=4 root=10
lvl=5 root=5
wiwi win!
0 4 1 1 
4 4 1 0 
0 2 3 3 
2 2 3 0 
lvl=3 root=14
lvl=4 root=0
lvl=5 root=9
wiwi win!
3 3 1 1 
3 4 1 0 
4 4 2 0 
0 2 2 0 
lvl=4 root=4
kiki win!
0 0 1 1 
3 3 1 0 
3 0 2 0 
0 2 2 0 
lvl=4 root=8
lvl=5 root=5
wiwi win!
0 4 1 1 
4 4 1 0 
3 3 2 0 
3 2 2 0 
lvl=3 root=15
lvl=4 root=0
lvl=5 root=9
wiwi win!
3 3 1 1 
3 4 1 0 
4 4 0 2 
0 0 2 2 
lvl=5 root=13
wiwi win!
3 3 1 1 
3 0 1 0 
0 4 0 2 
4 4 2 2 
lvl=4 root=4
lvl=5 root=13
wiwi win!
0 0 1 1 
3 3 1 0 
3 4 0 2 
4 4 2 2 
lvl=4 root=8
lvl=5 root=5
wiwi win!
0 4 1 1 
4 4 1 0 
3 3 0 2 
3 0 2 2 
lvl=4 root=9
lvl=5 root=5
wiwi win!
0 4 1 1 
4 4 1 0 
0 3 3 2 
0 3 2 2 
lvl=2 root=4
lvl=3 root=7
lvl=4 root=9
lvl=5 root=15
wiwi win!
0 0 0 2 
1 1 2 2 
1 3 3 4 
0 3 4 4 
lvl=4 root=10
lvl=5 root=13
wiwi win!
0 0 0 2 
1 1 2 2 
1 4 3 3 
4 4 3 0 
lvl=3 root=10
wiwi win!
0 0 0 0 
1 1 2 0 
1 2 2 0 
0 0 0 0 
lvl=3 root=11
lvl=4 root=2
lvl=5 root=13
wiwi win!
0 0 3 3 
1 1 3 2 
1 4 2 2 
4 4 0 0 
lvl=3 root=13
lvl=4 root=2
lvl=5 root=11
wiwi win!
0 0 3 3 
1 1 3 4 
1 2 4 4 
2 2 0 0 
lvl=5 root=15
wiwi win!
0 0 3 3 
1 1 3 0 
1 2 0 4 
2 2 4 4 
lvl=4 root=6
lvl=5 root=15
wiwi win!
0 0 0 0 
1 1 3 3 
1 2 3 4 
2 2 4 4 
lvl=4 root=10
lvl=5 root=7
wiwi win!
0 0 0 4 
1 1 4 4 
1 2 3 3 
2 2 3 0 
lvl=3 root=14
lvl=4 root=2
kiki win!
0 0 3 3 
1 1 3 0 
1 0 2 0 
0 2 2 0 
lvl=3 root=15
lvl=4 root=2
lvl=5 root=13
wiwi win!
0 0 3 3 
1 1 3 0 
1 4 0 2 
4 4 2 2 
lvl=4 root=6
lvl=5 root=13
wiwi win!
0 0 0 0 
1 1 3 3 
1 4 3 2 
4 4 2 2 
lvl=4 root=9
lvl=5 root=7
wiwi win!
0 0 0 4 
1 1 4 4 
1 3 3 2 
0 3 2 2 
lvl=2 root=5
lvl=3 root=11
lvl=4 root=0
kiki win!
3 3 0 0 
3 1 1 2 
0 1 2 2 
0 0 0 0 
lvl=3 root=14
lvl=4 root=0
kiki win!
3 3 0 0 
3 1 1 0 
0 1 2 0 
0 2 2 0 
lvl=3 root=15
lvl=4 root=0
kiki win!
3 3 0 0 
3 1 1 0 
0 1 0 2 
0 0 2 2 
lvl=2 root=6
lvl=3 root=5
lvl=4 root=8
lvl=5 root=15
wiwi win!
0 2 0 0 
2 2 1 1 
3 3 1 4 
3 0 4 4 
lvl=3 root=9
lvl=4 root=0
lvl=5 root=15
wiwi win!
3 3 0 0 
3 2 1 1 
2 2 1 4 
0 0 4 4 
lvl=3 root=13
lvl=4 root=0
lvl=5 root=15
wiwi win!
3 3 0 0 
3 0 1 1 
0 2 1 4 
2 2 4 4 
lvl=4 root=1
lvl=5 root=15
wiwi win!
0 3 3 0 
0 3 1 1 
0 2 1 4 
2 2 4 4 
lvl=4 root=4
lvl=5 root=15
wiwi win!
0 0 0 0 
3 3 1 1 
3 2 1 4 
2 2 4 4 
lvl=3 root=15
lvl=4 root=0
lvl=5 root=9
wiwi win!
3 3 0 0 
3 4 1 1 
4 4 1 2 
0 0 2 2 
lvl=5 root=13
wiwi win!
3 3 0 0 
3 0 1 1 
0 4 1 2 
4 4 2 2 
lvl=4 root=1
lvl=5 root=13
wiwi win!
0 3 3 0 
0 3 1 1 
0 4 1 2 
4 4 2 2 
lvl=4 root=4
lvl=5 root=13
wiwi win!
0 0 0 0 
3 3 1 1 
3 4 1 2 
4 4 2 2 
lvl=4 root=8
lvl=5 root=5
wiwi win!
0 4 0 0 
4 4 1 1 
3 3 1 2 
3 0 2 2 
lvl=2 root=8
lvl=3 root=5
lvl=4 root=2
lvl=5 root=11
wiwi win!
0 2 3 3 
2 2 3 4 
1 1 4 4 
1 0 0 0 
lvl=5 root=14
wiwi win!
0 2 3 3 
2 2 3 0 
1 1 4 0 
1 4 4 0 
lvl=5 root=15
wiwi win!
0 2 3 3 
2 2 3 0 
1 1 0 4 
1 0 4 4 
lvl=4 root=6
lvl=5 root=15
wiwi win!
0 2 0 0 
2 2 3 3 
1 1 3 4 
1 0 4 4 
lvl=4 root=10
lvl=5 root=7
wiwi win!
0 2 0 4 
2 2 4 4 
1 1 3 3 
1 0 3 0 
lvl=3 root=6
lvl=4 root=0
lvl=5 root=11
wiwi win!
3 3 2 0 
3 2 2 4 
1 1 4 4 
1 0 0 0 
lvl=5 root=14
wiwi win!
3 3 2 0 
3 2 2 0 
1 1 4 0 
1 4 4 0 
lvl=5 root=15
wiwi win!
3 3 2 0 
3 2 2 0 
1 1 0 4 
1 0 4 4 
lvl=4 root=10
kiki win!
0 0 2 0 
0 2 2 0 
1 1 3 3 
1 0 3 0 
lvl=3 root=7
lvl=4 root=0
lvl=5 root=14
wiwi win!
3 3 0 2 
3 0 2 2 
1 1 4 0 
1 4 4 0 
lvl=5 root=15
wiwi win!
3 3 0 2 
3 0 2 2 
1 1 0 4 
1 0 4 4 
lvl=4 root=1
lvl=5 root=14
wiwi win!
0 3 3 2 
0 3 2 2 
1 1 4 0 
1 4 4 0 
lvl=5 root=15
wiwi win!
0 3 3 2 
0 3 2 2 
1 1 0 4 
1 0 4 4 
lvl=4 root=10
lvl=5 root=5
wiwi win!
0 4 0 2 
4 4 2 2 
1 1 3 3 
1 0 3 0 
lvl=3 root=11
lvl=4 root=0
lvl=5 root=6
wiwi win!
3 3 4 0 
3 4 4 2 
1 1 2 2 
1 0 0 0 
lvl=4 root=1
kiki win!
0 3 3 0 
0 3 0 2 
1 1 2 2 
1 0 0 0 
lvl=4 root=2
lvl=5 root=5
wiwi win!
0 4 3 3 
4 4 3 2 
1 1 2 2 
1 0 0 0 
lvl=3 root=14
lvl=4 root=0
lvl=5 root=6
wiwi win!
3 3 4 0 
3 4 4 0 
1 1 2 0 
1 2 2 0 
lvl=5 root=7
wiwi win!
3 3 0 4 
3 0 4 4 
1 1 2 0 
1 2 2 0 
lvl=4 root=1
lvl=5 root=7
wiwi win!
0 3 3 4 
0 3 4 4 
1 1 2 0 
1 2 2 0 
lvl=4 root=2
lvl=5 root=5
wiwi win!
0 4 3 3 
4 4 3 0 
1 1 2 0 
1 2 2 0 
lvl=3 root=15
lvl=4 root=0
lvl=5 root=6
wiwi win!
3 3 4 0 
3 4 4 0 
1 1 0 2 
1 0 2 2 
lvl=5 root=7
wiwi win!
3 3 0 4 
3 0 4 4 
1 1 0 2 
1 0 2 2 
lvl=4 root=1
lvl=5 root=7
wiwi win!
0 3 3 4 
0 3 4 4 
1 1 0 2 
1 0 2 2 
lvl=4 root=2
lvl=5 root=5
wiwi win!
0 4 3 3 
4 4 3 0 
1 1 0 2 
1 0 2 2 
lvl=4 root=6
lvl=5 root=5
wiwi win!
0 4 0 0 
4 4 3 3 
1 1 3 2 
1 0 2 2 
lvl=2 root=9
lvl=3 root=5
lvl=4 root=2
lvl=5 root=15
wiwi win!
0 2 3 3 
2 2 3 0 
0 1 1 4 
0 1 4 4 
lvl=3 root=6
lvl=4 root=0
lvl=5 root=15
wiwi win!
3 3 2 0 
3 2 2 0 
0 1 1 4 
0 1 4 4 
lvl=3 root=7
lvl=4 root=0
lvl=5 root=15
wiwi win!
3 3 0 2 
3 0 2 2 
0 1 1 4 
0 1 4 4 
lvl=4 root=1
lvl=5 root=15
wiwi win!
0 3 3 2 
0 3 2 2 
0 1 1 4 
0 1 4 4 
lvl=4 root=4
lvl=5 root=15
wiwi win!
0 0 0 2 
3 3 2 2 
3 1 1 4 
0 1 4 4 
lvl=3 root=15
lvl=4 root=0
lvl=5 root=6
wiwi win!
3 3 4 0 
3 4 4 0 
0 1 1 2 
0 1 2 2 
lvl=5 root=7
wiwi win!
3 3 0 4 
3 0 4 4 
0 1 1 2 
0 1 2 2 
lvl=4 root=1
lvl=5 root=7
wiwi win!
0 3 3 4 
0 3 4 4 
0 1 1 2 
0 1 2 2 
lvl=4 root=2
lvl=5 root=5
wiwi win!
0 4 3 3 
4 4 3 0 
0 1 1 2 
0 1 2 2 
lvl=4 root=4
lvl=5 root=7
wiwi win!
0 0 0 4 
3 3 4 4 
3 1 1 2 
0 1 2 2 
lvl=2 root=10
lvl=3 root=5
lvl=4 root=2
lvl=5 root=13
wiwi win!
0 2 3 3 
2 2 3 0 
0 4 1 1 
4 4 1 0 
lvl=4 root=8
lvl=5 root=7
wiwi win!
0 2 0 4 
2 2 4 4 
3 3 1 1 
3 0 1 0 
lvl=3 root=6
lvl=4 root=0
lvl=5 root=13
wiwi win!
3 3 2 0 
3 2 2 0 
0 4 1 1 
4 4 1 0 
lvl=4 root=8
kiki win!
0 0 2 0 
0 2 2 0 
3 3 1 1 
3 0 1 0 
lvl=3 root=7
lvl=4 root=0
lvl=5 root=9
wiwi win!
3 3 0 2 
3 4 2 2 
4 4 1 1 
0 0 1 0 
lvl=5 root=13
wiwi win!
3 3 0 2 
3 0 2 2 
0 4 1 1 
4 4 1 0 
lvl=4 root=1
lvl=5 root=13
wiwi win!
0 3 3 2 
0 3 2 2 
0 4 1 1 
4 4 1 0 
lvl=4 root=4
lvl=5 root=13
wiwi win!
0 0 0 2 
3 3 2 2 
3 4 1 1 
4 4 1 0 
lvl=4 root=8
lvl=5 root=5
wiwi win!
0 4 0 2 
4 4 2 2 
3 3 1 1 
3 0 1 0 
lvl=3 root=9
lvl=4 root=0
lvl=5 root=7
wiwi win!
3 3 0 4 
3 2 4 4 
2 2 1 1 
0 0 1 0 
lvl=4 root=2
kiki win!
0 0 3 3 
0 2 3 0 
2 2 1 1 
0 0 1 0 
lvl=3 root=13
lvl=4 root=0
lvl=5 root=6
wiwi win!
3 3 4 0 
3 4 4 0 
0 2 1 1 
2 2 1 0 
lvl=5 root=7
wiwi win!
3 3 0 4 
3 0 4 4 
0 2 1 1 
2 2 1 0 
lvl=4 root=1
lvl=5 root=7
wiwi win!
0 3 3 4 
0 3 4 4 
0 2 1 1 
2 2 1 0 
lvl=4 root=2
lvl=5 root=5
wiwi win!
0 4 3 3 
4 4 3 0 
0 2 1 1 
2 2 1 0 
lvl=4 root=4
lvl=5 root=7
wiwi win!
0 0 0 4 
3 3 4 4 
3 2 1 1 
2 2 1 0 
153
